<?xml version="1.0" encoding="UTF-8"?>
<robot generator="Robot 5.0 (Python 3.7.5 on win32)" generated="20220603 17:25:01.133" rpa="false" schemaversion="3">
<suite id="s1" name="User" source="c:\Users\eusou\swaglabs\login\user.robot">
<test id="s1-t1" name="access to web page" line="14">
<kw name="New Session" type="SETUP">
<kw name="Open Browser" library="SeleniumLibrary">
<arg>${url}</arg>
<arg>chrome</arg>
<doc>Opens a new browser instance to the optional ``url``.</doc>
<msg timestamp="20220603 17:25:01.803" level="INFO">Opening browser 'chrome' to base url 'https://www.saucedemo.com/'.</msg>
<status status="PASS" starttime="20220603 17:25:01.802" endtime="20220603 17:25:03.429"/>
</kw>
<status status="PASS" starttime="20220603 17:25:01.800" endtime="20220603 17:25:03.430"/>
</kw>
<kw name="Title Should Be" library="SeleniumLibrary">
<arg>Swag Labs</arg>
<doc>Verifies that the current page title equals ``title``.</doc>
<msg timestamp="20220603 17:25:03.436" level="INFO">Page title is 'Swag Labs'.</msg>
<status status="PASS" starttime="20220603 17:25:03.431" endtime="20220603 17:25:03.436"/>
</kw>
<kw name="Sleep" library="BuiltIn">
<arg>5</arg>
<doc>Pauses the test executed for the given time.</doc>
<msg timestamp="20220603 17:25:08.443" level="INFO">Slept 5 seconds</msg>
<status status="PASS" starttime="20220603 17:25:03.437" endtime="20220603 17:25:08.443"/>
</kw>
<kw name="Close Session" type="TEARDOWN">
<kw name="Capture Page Screenshot" library="SeleniumLibrary">
<doc>Takes a screenshot of the current page and embeds it into a log file.</doc>
<msg timestamp="20220603 17:25:08.561" level="INFO" html="true">&lt;/td&gt;&lt;/tr&gt;&lt;tr&gt;&lt;td colspan="3"&gt;&lt;a href="selenium-screenshot-22.png"&gt;&lt;img src="selenium-screenshot-22.png" width="800px"&gt;&lt;/a&gt;</msg>
<status status="PASS" starttime="20220603 17:25:08.448" endtime="20220603 17:25:08.561"/>
</kw>
<kw name="Close Browser" library="SeleniumLibrary">
<doc>Closes the current browser.</doc>
<status status="PASS" starttime="20220603 17:25:08.561" endtime="20220603 17:25:10.702"/>
</kw>
<status status="PASS" starttime="20220603 17:25:08.443" endtime="20220603 17:25:10.702"/>
</kw>
<status status="PASS" starttime="20220603 17:25:01.798" endtime="20220603 17:25:10.702"/>
</test>
<test id="s1-t2" name="access username and password" line="19">
<kw name="New Session" type="SETUP">
<kw name="Open Browser" library="SeleniumLibrary">
<arg>${url}</arg>
<arg>chrome</arg>
<doc>Opens a new browser instance to the optional ``url``.</doc>
<msg timestamp="20220603 17:25:10.713" level="INFO">Opening browser 'chrome' to base url 'https://www.saucedemo.com/'.</msg>
<status status="PASS" starttime="20220603 17:25:10.712" endtime="20220603 17:25:12.143"/>
</kw>
<status status="PASS" starttime="20220603 17:25:10.711" endtime="20220603 17:25:12.144"/>
</kw>
<kw name="Input Text" library="SeleniumLibrary">
<arg>css:#user-name</arg>
<arg>standard_user</arg>
<doc>Types the given ``text`` into the text field identified by ``locator``.</doc>
<msg timestamp="20220603 17:25:12.148" level="INFO">Typing text 'standard_user' into text field 'css:#user-name'.</msg>
<status status="PASS" starttime="20220603 17:25:12.146" endtime="20220603 17:25:12.233"/>
</kw>
<kw name="Input Text" library="SeleniumLibrary">
<arg>css:#password</arg>
<arg>secret_sauce</arg>
<doc>Types the given ``text`` into the text field identified by ``locator``.</doc>
<msg timestamp="20220603 17:25:12.236" level="INFO">Typing text 'secret_sauce' into text field 'css:#password'.</msg>
<status status="PASS" starttime="20220603 17:25:12.234" endtime="20220603 17:25:12.301"/>
</kw>
<kw name="Click Element" library="SeleniumLibrary">
<arg>css:#login-button</arg>
<doc>Click the element identified by ``locator``.</doc>
<msg timestamp="20220603 17:25:12.303" level="INFO">Clicking element 'css:#login-button'.</msg>
<status status="PASS" starttime="20220603 17:25:12.302" endtime="20220603 17:25:12.366"/>
</kw>
<kw name="Should Be Title Case" library="String">
<arg>Swag Labs</arg>
<doc>Fails if given ``string`` is not title.</doc>
<status status="PASS" starttime="20220603 17:25:12.367" endtime="20220603 17:25:12.369"/>
</kw>
<kw name="Sleep" library="BuiltIn">
<arg>5</arg>
<doc>Pauses the test executed for the given time.</doc>
<msg timestamp="20220603 17:25:17.383" level="INFO">Slept 5 seconds</msg>
<status status="PASS" starttime="20220603 17:25:12.369" endtime="20220603 17:25:17.383"/>
</kw>
<kw name="Close Session" type="TEARDOWN">
<kw name="Capture Page Screenshot" library="SeleniumLibrary">
<doc>Takes a screenshot of the current page and embeds it into a log file.</doc>
<msg timestamp="20220603 17:25:17.529" level="INFO" html="true">&lt;/td&gt;&lt;/tr&gt;&lt;tr&gt;&lt;td colspan="3"&gt;&lt;a href="selenium-screenshot-23.png"&gt;&lt;img src="selenium-screenshot-23.png" width="800px"&gt;&lt;/a&gt;</msg>
<status status="PASS" starttime="20220603 17:25:17.386" endtime="20220603 17:25:17.529"/>
</kw>
<kw name="Close Browser" library="SeleniumLibrary">
<doc>Closes the current browser.</doc>
<status status="PASS" starttime="20220603 17:25:17.529" endtime="20220603 17:25:19.687"/>
</kw>
<status status="PASS" starttime="20220603 17:25:17.385" endtime="20220603 17:25:19.688"/>
</kw>
<tag>usersucess</tag>
<status status="PASS" starttime="20220603 17:25:10.708" endtime="20220603 17:25:19.689"/>
</test>
<test id="s1-t3" name="access username and password plus choice combobox" line="29">
<kw name="New Session" type="SETUP">
<kw name="Open Browser" library="SeleniumLibrary">
<arg>${url}</arg>
<arg>chrome</arg>
<doc>Opens a new browser instance to the optional ``url``.</doc>
<msg timestamp="20220603 17:25:19.696" level="INFO">Opening browser 'chrome' to base url 'https://www.saucedemo.com/'.</msg>
<status status="PASS" starttime="20220603 17:25:19.695" endtime="20220603 17:25:21.009"/>
</kw>
<status status="PASS" starttime="20220603 17:25:19.694" endtime="20220603 17:25:21.011"/>
</kw>
<kw name="Input Text" library="SeleniumLibrary">
<arg>css:#user-name</arg>
<arg>standard_user</arg>
<doc>Types the given ``text`` into the text field identified by ``locator``.</doc>
<msg timestamp="20220603 17:25:21.017" level="INFO">Typing text 'standard_user' into text field 'css:#user-name'.</msg>
<status status="PASS" starttime="20220603 17:25:21.014" endtime="20220603 17:25:21.107"/>
</kw>
<kw name="Input Text" library="SeleniumLibrary">
<arg>css:#password</arg>
<arg>secret_sauce</arg>
<doc>Types the given ``text`` into the text field identified by ``locator``.</doc>
<msg timestamp="20220603 17:25:21.110" level="INFO">Typing text 'secret_sauce' into text field 'css:#password'.</msg>
<status status="PASS" starttime="20220603 17:25:21.109" endtime="20220603 17:25:21.172"/>
</kw>
<kw name="Click Element" library="SeleniumLibrary">
<arg>css:#login-button</arg>
<doc>Click the element identified by ``locator``.</doc>
<msg timestamp="20220603 17:25:21.175" level="INFO">Clicking element 'css:#login-button'.</msg>
<status status="PASS" starttime="20220603 17:25:21.174" endtime="20220603 17:25:21.241"/>
</kw>
<kw name="Should Be Title Case" library="String">
<arg>Swag Labs</arg>
<doc>Fails if given ``string`` is not title.</doc>
<status status="PASS" starttime="20220603 17:25:21.243" endtime="20220603 17:25:21.244"/>
</kw>
<kw name="Select From List By Label" library="SeleniumLibrary">
<arg>class:product_sort_container</arg>
<arg>Price (low to high)</arg>
<doc>Selects options from selection list ``locator`` by ``labels``.</doc>
<msg timestamp="20220603 17:25:21.246" level="INFO">Selecting options from selection list 'class:product_sort_container' by label Price (low to high).</msg>
<status status="PASS" starttime="20220603 17:25:21.245" endtime="20220603 17:25:21.314"/>
</kw>
<kw name="Get Selected List Value" library="SeleniumLibrary">
<var>${select}</var>
<arg>class:product_sort_container</arg>
<doc>Returns the value of selected option from selection list ``locator``.</doc>
<msg timestamp="20220603 17:25:21.373" level="INFO">${select} = lohi