<?xml version="1.0" encoding="UTF-8"?>
<robot generator="Robot 5.0 (Python 3.10.4 on win32)" generated="20220603 18:35:37.911" rpa="false" schemaversion="3">
<suite id="s1" name="User" source="C:\Users\eusou\swaglabs\login\user.robot">
<test id="s1-t1" name="access to web page" line="16">
<kw name="New Session" type="SETUP">
<kw name="Open Browser" library="SeleniumLibrary">
<arg>${url}</arg>
<arg>chrome</arg>
<doc>Opens a new browser instance to the optional ``url``.</doc>
<msg timestamp="20220603 18:35:38.114" level="INFO">Opening browser 'chrome' to base url 'https://www.saucedemo.com/'.</msg>
<status status="PASS" starttime="20220603 18:35:38.113" endtime="20220603 18:35:39.443"/>
</kw>
<status status="PASS" starttime="20220603 18:35:38.112" endtime="20220603 18:35:39.444"/>
</kw>
<kw name="Title Should Be" library="SeleniumLibrary">
<arg>Swag Labs</arg>
<doc>Verifies that the current page title equals ``title``.</doc>
<msg timestamp="20220603 18:35:39.452" level="INFO">Page title is 'Swag Labs'.</msg>
<status status="PASS" starttime="20220603 18:35:39.444" endtime="20220603 18:35:39.452"/>
</kw>
<kw name="Sleep" library="BuiltIn">
<arg>5</arg>
<doc>Pauses the test executed for the given time.</doc>
<msg timestamp="20220603 18:35:44.461" level="INFO">Slept 5 seconds</msg>
<status status="PASS" starttime="20220603 18:35:39.453" endtime="20220603 18:35:44.461"/>
</kw>
<kw name="Close Session" type="TEARDOWN">
<kw name="Capture Page Screenshot" library="SeleniumLibrary">
<doc>Takes a screenshot of the current page and embeds it into a log file.</doc>
<msg timestamp="20220603 18:35:44.548" level="INFO" html="true">&lt;/td&gt;&lt;/tr&gt;&lt;tr&gt;&lt;td colspan="3"&gt;&lt;a href="selenium-screenshot-8.png"&gt;&lt;img src="selenium-screenshot-8.png" width="800px"&gt;&lt;/a&gt;</msg>
<status status="PASS" starttime="20220603 18:35:44.461" endtime="20220603 18:35:44.548"/>
</kw>
<kw name="Close Browser" library="SeleniumLibrary">
<doc>Closes the current browser.</doc>
<status status="PASS" starttime="20220603 18:35:44.548" endtime="20220603 18:35:46.686"/>
</kw>
<status status="PASS" starttime="20220603 18:35:44.461" endtime="20220603 18:35:46.686"/>
</kw>
<status status="PASS" starttime="20220603 18:35:38.112" endtime="20220603 18:35:46.686"/>
</test>
<test id="s1-t2" name="access username and password" line="20">
<kw name="New Session" type="SETUP">
<kw name="Open Browser" library="SeleniumLibrary">
<arg>${url}</arg>
<arg>chrome</arg>
<doc>Opens a new browser instance to the optional ``url``.</doc>
<msg timestamp="20220603 18:35:46.691" level="INFO">Opening browser 'chrome' to base url 'https://www.saucedemo.com/'.</msg>
<status status="PASS" starttime="20220603 18:35:46.690" endtime="20220603 18:35:48.111"/>
</kw>
<status status="PASS" starttime="20220603 18:35:46.690" endtime="20220603 18:35:48.111"/>
</kw>
<kw name="Input Text" library="SeleniumLibrary">
<arg>${username}</arg>
<arg>standard_user</arg>
<doc>Types the given ``text`` into the text field identified by ``locator``.</doc>
<msg timestamp="20220603 18:35:48.113" level="INFO">Typing text 'standard_user' into text field 'css:#user-name'.</msg>
<status status="PASS" starttime="20220603 18:35:48.112" endtime="20220603 18:35:48.185"/>
</kw>
<kw name="Input Text" library="SeleniumLibrary">
<arg>${password}</arg>
<arg>secret_sauce</arg>
<doc>Types the given ``text`` into the text field identified by ``locator``.</doc>
<msg timestamp="20220603 18:35:48.186" level="INFO">Typing text 'secret_sauce' into text field 'css:#password'.</msg>
<status status="PASS" starttime="20220603 18:35:48.186" endtime="20220603 18:35:48.244"/>
</kw>
<kw name="Click Element" library="SeleniumLibrary">
<arg>css:#login-button</arg>
<doc>Click the element identified by ``locator``.</doc>
<msg timestamp="20220603 18:35:48.245" level="INFO">Clicking element 'css:#login-button'.</msg>
<status status="PASS" starttime="20220603 18:35:48.244" endtime="20220603 18:35:48.304"/>
</kw>
<kw name="Should Be Title Case" library="String">
<arg>Swag Labs</arg>
<doc>Fails if given ``string`` is not title.</doc>
<status status="PASS" starttime="20220603 18:35:48.305" endtime="20220603 18:35:48.305"/>
</kw>
<kw name="Sleep" library="BuiltIn">
<arg>5</arg>
<doc>Pauses the test executed for the given time.</doc>
<msg timestamp="20220603 18:35:53.315" level="INFO">Slept 5 seconds</msg>
<status status="PASS" starttime="20220603 18:35:48.306" endtime="20220603 18:35:53.315"/>
</kw>
<kw name="Close Session" type="TEARDOWN">
<kw name="Capture Page Screenshot" library="SeleniumLibrary">
<doc>Takes a screenshot of the current page and embeds it into a log file.</doc>
<msg timestamp="20220603 18:35:53.455" level="INFO" html="true">&lt;/td&gt;&lt;/tr&gt;&lt;tr&gt;&lt;td colspan="3"&gt;&lt;a href="selenium-screenshot-9.png"&gt;&lt;img src="selenium-screenshot-9.png" width="800px"&gt;&lt;/a&gt;</msg>
<status status="PASS" starttime="20220603 18:35:53.316" endtime="20220603 18:35:53.455"/>
</kw>
<kw name="Close Browser" library="SeleniumLibrary">
<doc>Closes the current browser.</doc>
<status status="PASS" starttime="20220603 18:35:53.461" endtime="20220603 18:35:55.613"/>
</kw>
<status status="PASS" starttime="20220603 18:35:53.316" endtime="20220603 18:35:55.613"/>
</kw>
<tag>usersucess</tag>
<status status="PASS" starttime="20220603 18:35:46.689" endtime="20220603 18:35:55.613"/>
</test>
<test id="s1-t3" name="access username and password plus choice combobox" line="29">
<kw name="New Session" type="SETUP">
<kw name="Open Browser" library="SeleniumLibrary">
<arg>${url}</arg>
<arg>chrome</arg>
<doc>Opens a new browser instance to the optional ``url``.</doc>
<msg timestamp="20220603 18:35:55.613" level="INFO">Opening browser 'chrome' to base url 'https://www.saucedemo.com/'.</msg>
<status status="PASS" starttime="20220603 18:35:55.613" endtime="20220603 18:35:57.374"/>
</kw>
<status status="PASS" starttime="20220603 18:35:55.613" endtime="20220603 18:35:57.375"/>
</kw>
<kw name="Input Text" library="SeleniumLibrary">
<arg>${username}</arg>
<arg>standard_user</arg>
<doc>Types the given ``text`` into the text field identified by ``locator``.</doc>
<msg timestamp="20220603 18:35:57.376" level="INFO">Typing text 'standard_user' into text field 'css:#user-name'.</msg>
<status status="PASS" starttime="20220603 18:35:57.375" endtime="20220603 18:35:57.458"/>
</kw>
<kw name="Input Text" library="SeleniumLibrary">
<arg>${password}</arg>
<arg>secret_sauce</arg>
<doc>Types the given ``text`` into the text field identified by ``locator``.</doc>
<msg timestamp="20220603 18:35:57.459" level="INFO">Typing text 'secret_sauce' into text field 'css:#password'.</msg>
<status status="PASS" starttime="20220603 18:35:57.459" endtime="20220603 18:35:57.517"/>
</kw>
<kw name="Click Element" library="SeleniumLibrary">
<arg>css:#login-button</arg>
<doc>Click the element identified by ``locator``.</doc>
<msg timestamp="20220603 18:35:57.518" level="INFO">Clicking element 'css:#login-button'.</msg>
<status status="PASS" starttime="20220603 18:35:57.518" endtime="20220603 18:35:57.575"/>
</kw>
<kw name="Should Be Title Case" library="String">
<arg>Swag Labs</arg>
<doc>Fails if given ``string`` is not title.</doc>
<status status="PASS" starttime="20220603 18:35:57.576" endtime="20220603 18:35:57.576"/>
</kw>
<kw name="Select From List By Label" library="SeleniumLibrary">
<arg>class:product_sort_container</arg>
<arg>Price (low to high)</arg>
<doc>Selects options from selection list ``locator`` by ``labels``.</doc>
<msg timestamp="20220603 18:35:57.577" level="INFO">Selecting options from selection list 'class:product_sort_container' by label Price (low to high).</msg>
<status status="PASS" starttime="20220603 18:35:57.576" endtime="20220603 18:35:57.631"/>
</kw>
<kw name="Get Selected List Value" library="SeleniumLibrary">
<var>${select}</var>
<arg>class:product_sort_container</arg>
<doc>Returns the value of selected option from selection list ``locator``.</doc>
<msg timestamp="20220603 18:35:57.680" level="INFO">${select} = lohi</msg>
<status status="PASS" starttime="20220603 18:35:57.631" endtime="20220603 18:35:57.680"/>
</kw>
<kw name="Should Be Equal" library="BuiltIn">
<arg>${select}</arg>
<arg>lohi</arg>
<doc>Fails if the given objects are unequal.</doc>
<status status="PASS" starttime="20220603 18:35:57.680" endtime="20220603 18:35:57.681"/>
</kw>
<kw name="Sleep" library="BuiltIn">
<arg>5</arg>
<doc>Pauses the test executed for the given time.</doc>
<msg timestamp="20220603 18:36:02.687" level="INFO">Slept 5 seconds</msg>
<status status="PASS" starttime="20220603 18:35:57.681" endtime="20220603 18:36:02.687"/>
</kw>
<kw name="Close Session" type="TEARDOWN">
<kw name="Capture Page Screenshot" library="SeleniumLibrary">
<doc>Takes a screenshot of the current page and embeds it into a log file.</doc>
<msg timestamp="20220603 18:36:02.844" level="INFO" html="true">&lt;/td&gt;&lt;/tr&gt;&lt;tr&gt;&lt;td colspan="3"&gt;&lt;a href="selenium-screenshot-10.png"&gt;&lt;img src="selenium-screenshot-10.png" width="800px"&gt;&lt;/a&gt;</msg>
<status status="PASS" starttime="20220603 18:36:02.687" endtime="20220603 18:36:02.844"/>
</kw>
<kw name="Close Browser" library="SeleniumLibrary">
<doc>Closes the current browser.</doc>
<status status="PASS" starttime="20220603 18:36:02.844" endtime="20220603 18:36:04.982"/>
</kw>
<status status="PASS" starttime="20220603 18:36:02.687" endtime="20220603 18:36:04.982"/>
</kw>
<tag>combobox</tag>
<status status="PASS" starttime="20220603 18:35:55.613" endtime="20220603 18:36:04.982"/>
</test>
<test id="s1-t4" name="access username and password plus choice combobox and logout" line="43">
<kw name="New Session" type="SETUP">
<kw name="Open Browser" library="SeleniumLibrary">
<arg>${url}</arg>
<arg>chrome</arg>
<doc>Opens a new browser instance to the optional ``url``.</doc>
<msg timestamp="20220603 18:36:04.986" level="INFO">Opening browser 'chrome' to base url 'https://www.saucedemo.com/'.</msg>
<status status="PASS" starttime="20220603 18:36:04.986" endtime="20220603 18:36:06.310"/>
</kw>
<status status="PASS" starttime="20220603 18:36:04.986" endtime="20220603 18:36:06.310"/>
</kw>
<kw name="Input Text" library="SeleniumLibrary">
<arg>${username}</arg>
<arg>standard_user</arg>
<doc>Types the given ``text`` into the text field identified by ``locator``.</doc>
<msg timestamp="20220603 18:36:06.311" level="INFO">Typing text 'standard_user' into text field 'css:#user-name'.</msg>
<status status="PASS" starttime="20220603 18:36:06.311" endtime="20220603 18:36:06.389"/>
</kw>
<kw name="Input Text" library="SeleniumLibrary">
<arg>${password}</arg>
<arg>secret_sauce</arg>
<doc>Types the given ``text`` into the text field identified by ``locator``.</doc>
<msg timestamp="20220603 18:36:06.390" level="INFO">Typing text 'secret_sauce' into text field 'css:#password'.</msg>
<status status="PASS" starttime="20220603 18:36:06.390" endtime="20220603 18:36:06.447"/>
</kw>
<kw name="Click Element" library="SeleniumLibrary">
<arg>css:#login-button</arg>
<doc>Click the element identified by ``locator``.</doc>
<msg timestamp="20220603 18:36:06.448" level="INFO">Clicking element 'css:#login-button'.</msg>
<status status="PASS" starttime="20220603 18:36:06.447" endtime="20220603 18:36:06.508"/>
</kw>
<kw name="Should Be Title Case" library="String">
<arg>Swag Labs</arg>
<doc>Fails if given ``string`` is not title.</doc>
<status status="PASS" starttime="20220603 18:36:06.509" endtime="20220603 18:36:06.509"/>
</kw>
<kw name="Select From List By Label" library="SeleniumLibrary">
<arg>class:product_sort_container</arg>
<arg>Price (low to high)</arg>
<doc>Selects options from selection list ``locator`` by ``labels``.</doc>
<msg timestamp="20220603 18:36:06.509" level="INFO">Selecting options from selection list 'class:product_sort_container' by label Price (low to high).</msg>
<status status="PASS" starttime="20220603 18:36:06.509" endtime="20220603 18:36:06.564"/>
</kw>
<kw name="Get Selected List Value" library="SeleniumLibrary">
<var>${select}</var>
<arg>class:product_sort_container</arg>
<doc>Returns the value of selected option from selection list ``locator``.</doc>
<msg timestamp="20220603 18:36:06.614" level="INFO">${select} = lohi</msg>
<status status="PASS" starttime="20220603 18:36:06.565" endtime="20220603 18:36:06.614"/>
</kw>
<kw name="Should Be Equal" library="BuiltIn">
<arg>${select}</arg>
<arg>lohi</arg>
<doc>Fails if the given objects are unequal.</doc>
<status status="PASS" starttime="20220603 18:36:06.615" endtime="20220603 18:36:06.615"/>
</kw>
<kw name="Sleep" library="BuiltIn">
<arg>5</arg>
<doc>Pauses the test executed for the given time.</doc>
<msg timestamp="20220603 18:36:11.625" level="INFO">Slept 5 seconds</msg>
<status status="PASS" starttime="20220603 18:36:06.615" endtime="20220603 18:36:11.625"/>
</kw>
<kw name="Click Element" library="SeleniumLibrary">
<arg>css:#react-burger-menu-btn</arg>
<doc>Click the element identified by ``locator``.</doc>
<msg timestamp="20220603 18:36:11.625" level="INFO">Clicking element 'css:#react-burger-menu-btn'.</msg>
<status status="PASS" starttime="20220603 18:36:11.625" endtime="20220603 18:36:11.655"/>
</kw>
<kw name="Get Element Attribute" library="SeleniumLibrary">
<arg>xpath://*[@id="menu_button_container"]/div/div[2]/div[1]/nav</arg>
<arg>Logout</arg>
<doc>Returns the value of ``attribute`` from the element ``locator``.</doc>
<status status="PASS" starttime="20220603 18:36:11.655" endtime="20220603 18:36:11.672"/>
</kw>
<kw name="Close Session" type="TEARDOWN">
<kw name="Capture Page Screenshot" library="SeleniumLibrary">
<doc>Takes a screenshot of the current page and embeds it into a log file.</doc>
<msg timestamp="20220603 18:36:11.843" level="INFO" html="true">&lt;/td&gt;&lt;/tr&gt;&lt;tr&gt;&lt;td colspan="3"&gt;&lt;a href="selenium-screenshot-11.png"&gt;&lt;img src="selenium-screenshot-11.png" width="800px"&gt;&lt;/a&gt;</msg>
<status status="PASS" starttime="20220603 18:36:11.673" endtime="20220603 18:36:11.844"/>
</kw>
<kw name="Close Browser" library="SeleniumLibrary">
<doc>Closes the current browser.</doc>
<status status="PASS" starttime="20220603 18:36:11.844" endtime="20220603 18:36:13.967"/>
</kw>
<status status="PASS" starttime="20220603 18:36:11.673" endtime="20220603 18:36:13.967"/>
</kw>
<tag>logout</tag>
<status status="PASS" starttime="20220603 18:36:04.985" endtime="20220603 18:36:13.967"/>
</test>
<status status="PASS" starttime="20220603 18:35:37.911" endtime="20220603 18:36:13.971"/>
</suite>
<statistics>
<total>
<stat pass="4" fail="0" skip="0">All Tests</stat>
</total>
<tag>
<stat pass="1" fail="0" skip="0">combobox</stat>
<stat pass="1" fail="0" skip="0">logout</stat>
<stat pass="1" fail="0" skip="0">usersucess</stat>
</tag>
<suite>
<stat pass="4" fail="0" skip="0" id="s1" name="User">User</stat>
</suite>
</statistics>
<errors>
</errors>
</robot>
