<?xml version="1.0" encoding="UTF-8"?>
<robot generator="Robot 5.0 (Python 3.10.4 on win32)" generated="20220603 18:07:58.962" rpa="false" schemaversion="3">
<suite id="s1" name="User" source="C:\Users\eusou\swaglabs\login\user.robot">
<test id="s1-t1" name="access username and password plus choice combobox and logout" line="43">
<kw name="New Session" type="SETUP">
<kw name="Open Browser" library="SeleniumLibrary">
<arg>${url}</arg>
<arg>chrome</arg>
<doc>Opens a new browser instance to the optional ``url``.</doc>
<msg timestamp="20220603 18:07:59.158" level="INFO">Opening browser 'chrome' to base url 'https://www.saucedemo.com/'.</msg>
<status status="PASS" starttime="20220603 18:07:59.158" endtime="20220603 18:08:00.643"/>
</kw>
<status status="PASS" starttime="20220603 18:07:59.158" endtime="20220603 18:08:00.643"/>
</kw>
<kw name="Input Text" library="SeleniumLibrary">
<arg>css:#user-name</arg>
<arg>standard_user</arg>
<doc>Types the given ``text`` into the text field identified by ``locator``.</doc>
<msg timestamp="20220603 18:08:00.645" level="INFO">Typing text 'standard_user' into text field 'css:#user-name'.</msg>
<status status="PASS" starttime="20220603 18:08:00.644" endtime="20220603 18:08:00.738"/>
</kw>
<kw name="Input Text" library="SeleniumLibrary">
<arg>css:#password</arg>
<arg>secret_sauce</arg>
<doc>Types the given ``text`` into the text field identified by ``locator``.</doc>
<msg timestamp="20220603 18:08:00.738" level="INFO">Typing text 'secret_sauce' into text field 'css:#password'.</msg>
<status status="PASS" starttime="20220603 18:08:00.738" endtime="20220603 18:08:00.798"/>
</kw>
<kw name="Click Element" library="SeleniumLibrary">
<arg>css:#login-button</arg>
<doc>Click the element identified by ``locator``.</doc>
<msg timestamp="20220603 18:08:00.799" level="INFO">Clicking element 'css:#login-button'.</msg>
<status status="PASS" starttime="20220603 18:08:00.798" endtime="20220603 18:08:00.864"/>
</kw>
<kw name="Should Be Title Case" library="String">
<arg>Swag Labs</arg>
<doc>Fails if given ``string`` is not title.</doc>
<status status="PASS" starttime="20220603 18:08:00.864" endtime="20220603 18:08:00.865"/>
</kw>
<kw name="Select From List By Label" library="SeleniumLibrary">
<arg>class:product_sort_container</arg>
<arg>Price (low to high)</arg>
<doc>Selects options from selection list ``locator`` by ``labels``.</doc>
<msg timestamp="20220603 18:08:00.865" level="INFO">Selecting options from selection list 'class:product_sort_container' by label Price (low to high).</msg>
<status status="PASS" starttime="20220603 18:08:00.865" endtime="20220603 18:08:00.921"/>
</kw>
<kw name="Get Selected List Value" library="SeleniumLibrary">
<var>${select}</var>
<arg>class:product_sort_container</arg>
<doc>Returns the value of selected option from selection list ``locator``.</doc>
<msg timestamp="20220603 18:08:00.973" level="INFO">${select} = lohi</msg>
<status status="PASS" starttime="20220603 18:08:00.922" endtime="20220603 18:08:00.973"/>
</kw>
<kw name="Should Be Equal" library="BuiltIn">
<arg>${select}</arg>
<arg>lohi</arg>
<doc>Fails if the given objects are unequal.</doc>
<status status="PASS" starttime="20220603 18:08:00.974" endtime="20220603 18:08:00.974"/>
</kw>
<kw name="Sleep" library="BuiltIn">
<arg>5</arg>
<doc>Pauses the test executed for the given time.</doc>
<msg timestamp="20220603 18:08:05.990" level="INFO">Slept 5 seconds</msg>
<status status="PASS" starttime="20220603 18:08:00.974" endtime="20220603 18:08:05.990"/>
</kw>
<kw name="Click Element" library="SeleniumLibrary">
<arg>css:#react-burger-menu-btn</arg>
<doc>Click the element identified by ``locator``.</doc>
<msg timestamp="20220603 18:08:05.990" level="INFO">Clicking element 'css:#react-burger-menu-btn'.</msg>
<status status="PASS" starttime="20220603 18:08:05.990" endtime="20220603 18:08:06.018"/>
</kw>
<kw name="Get Element Attribute" library="SeleniumLibrary">
<arg>xpath://*[@id="menu_button_container"]/div/div[2]/div[1]/nav</arg>
<arg>Logout</arg>
<doc>Returns the value of ``attribute`` from the element ``locator``.</doc>
<status status="PASS" starttime="20220603 18:08:06.019" endtime="20220603 18:08:06.043"/>
</kw>
<kw name="Close Session" type="TEARDOWN">
<kw name="Capture Page Screenshot" library="SeleniumLibrary">
<doc>Takes a screenshot of the current page and embeds it into a log file.</doc>
<msg timestamp="20220603 18:08:06.212" level="INFO" html="true">&lt;/td&gt;&lt;/tr&gt;&lt;tr&gt;&lt;td colspan="3"&gt;&lt;a href="selenium-screenshot-24.png"&gt;&lt;img src="selenium-screenshot-24.png" width="800px"&gt;&lt;/a&gt;</msg>
<status status="PASS" starttime="20220603 18:08:06.044" endtime="20220603 18:08:06.212"/>
</kw>
<kw name="Close Browser" library="SeleniumLibrary">
<doc>Closes the current browser.</doc>
<status status="PASS" starttime="20220603 18:08:06.212" endtime="20220603 18:08:08.362"/>
</kw>
<status status="PASS" starttime="20220603 18:08:06.044" endtime="20220603 18:08:08.362"/>
</kw>
<tag>logout</tag>
<status status="PASS" starttime="20220603 18:07:59.146" endtime="20220603 18:08:08.363"/>
</test>
<status status="PASS" starttime="20220603 18:07:58.964" endtime="20220603 18:08:08.364"/>
</suite>
<statistics>
<total>
<stat pass="1" fail="0" skip="0">All Tests</stat>
</total>
<tag>
<stat pass="1" fail="0" skip="0">logout</stat>
</tag>
<suite>
<stat pass="1" fail="0" skip="0" id="s1" name="User">User</stat>
</suite>
</statistics>
<errors>
</errors>
</robot>
