<?xml version="1.0" encoding="UTF-8"?>
<robot generator="Robot 5.0 (Python 3.10.4 on win32)" generated="20220603 18:23:19.460" rpa="false" schemaversion="3">
<suite id="s1" name="User" source="C:\Users\eusou\swaglabs\login\user.robot">
<test id="s1-t1" name="access to web page" line="14">
<kw name="New Session" type="SETUP">
<kw name="Open Browser" library="SeleniumLibrary">
<arg>${url}</arg>
<arg>chrome</arg>
<doc>Opens a new browser instance to the optional ``url``.</doc>
<msg timestamp="20220603 18:23:19.666" level="INFO">Opening browser 'chrome' to base url 'https://www.saucedemo.com/'.</msg>
<status status="PASS" starttime="20220603 18:23:19.666" endtime="20220603 18:23:21.303"/>
</kw>
<status status="PASS" starttime="20220603 18:23:19.666" endtime="20220603 18:23:21.303"/>
</kw>
<kw name="Title Should Be" library="SeleniumLibrary">
<arg>Swag Labs</arg>
<doc>Verifies that the current page title equals ``title``.</doc>
<msg timestamp="20220603 18:23:21.309" level="INFO">Page title is 'Swag Labs'.</msg>
<status status="PASS" starttime="20220603 18:23:21.303" endtime="20220603 18:23:21.309"/>
</kw>
<kw name="Sleep" library="BuiltIn">
<arg>5</arg>
<doc>Pauses the test executed for the given time.</doc>
<msg timestamp="20220603 18:23:26.322" level="INFO">Slept 5 seconds</msg>
<status status="PASS" starttime="20220603 18:23:21.309" endtime="20220603 18:23:26.322"/>
</kw>
<kw name="Close Session" type="TEARDOWN">
<kw name="Capture Page Screenshot" library="SeleniumLibrary">
<doc>Takes a screenshot of the current page and embeds it into a log file.</doc>
<msg timestamp="20220603 18:23:26.417" level="INFO" html="true">&lt;/td&gt;&lt;/tr&gt;&lt;tr&gt;&lt;td colspan="3"&gt;&lt;a href="selenium-screenshot-1.png"&gt;&lt;img src="selenium-screenshot-1.png" width="800px"&gt;&lt;/a&gt;</msg>
<status status="PASS" starttime="20220603 18:23:26.323" endtime="20220603 18:23:26.418"/>
</kw>
<kw name="Close Browser" library="SeleniumLibrary">
<doc>Closes the current browser.</doc>
<status status="PASS" starttime="20220603 18:23:26.418" endtime="20220603 18:23:28.563"/>
</kw>
<status status="PASS" starttime="20220603 18:23:26.322" endtime="20220603 18:23:28.563"/>
</kw>
<status status="PASS" starttime="20220603 18:23:19.664" endtime="20220603 18:23:28.564"/>
</test>
<test id="s1-t2" name="access username and password" line="19">
<kw name="New Session" type="SETUP">
<kw name="Open Browser" library="SeleniumLibrary">
<arg>${url}</arg>
<arg>chrome</arg>
<doc>Opens a new browser instance to the optional ``url``.</doc>
<msg timestamp="20220603 18:23:28.566" level="INFO">Opening browser 'chrome' to base url 'https://www.saucedemo.com/'.</msg>
<status status="PASS" starttime="20220603 18:23:28.565" endtime="20220603 18:23:29.910"/>
</kw>
<status status="PASS" starttime="20220603 18:23:28.565" endtime="20220603 18:23:29.910"/>
</kw>
<kw name="Input Text" library="SeleniumLibrary">
<arg>css:#user-name</arg>
<arg>standard_user</arg>
<doc>Types the given ``text`` into the text field identified by ``locator``.</doc>
<msg timestamp="20220603 18:23:29.912" level="INFO">Typing text 'standard_user' into text field 'css:#user-name'.</msg>
<status status="PASS" starttime="20220603 18:23:29.911" endtime="20220603 18:23:29.996"/>
</kw>
<kw name="Input Text" library="SeleniumLibrary">
<arg>css:#password</arg>
<arg>secret_sauce</arg>
<doc>Types the given ``text`` into the text field identified by ``locator``.</doc>
<msg timestamp="20220603 18:23:29.996" level="INFO">Typing text 'secret_sauce' into text field 'css:#password'.</msg>
<status status="PASS" starttime="20220603 18:23:29.996" endtime="20220603 18:23:30.055"/>
</kw>
<kw name="Click Element" library="SeleniumLibrary">
<arg>css:#login-button</arg>
<doc>Click the element identified by ``locator``.</doc>
<msg timestamp="20220603 18:23:30.056" level="INFO">Clicking element 'css:#login-button'.</msg>
<status status="PASS" starttime="20220603 18:23:30.056" endtime="20220603 18:23:30.117"/>
</kw>
<kw name="Should Be Title Case" library="String">
<arg>Swag Labs</arg>
<doc>Fails if given ``string`` is not title.</doc>
<status status="PASS" starttime="20220603 18:23:30.117" endtime="20220603 18:23:30.118"/>
</kw>
<kw name="Sleep" library="BuiltIn">
<arg>5</arg>
<doc>Pauses the test executed for the given time.</doc>
<msg timestamp="20220603 18:23:35.123" level="INFO">Slept 5 seconds</msg>
<status status="PASS" starttime="20220603 18:23:30.118" endtime="20220603 18:23:35.123"/>
</kw>
<kw name="Close Session" type="TEARDOWN">
<kw name="Capture Page Screenshot" library="SeleniumLibrary">
<doc>Takes a screenshot of the current page and embeds it into a log file.</doc>
<msg timestamp="20220603 18:23:35.264" level="INFO" html="true">&lt;/td&gt;&lt;/tr&gt;&lt;tr&gt;&lt;td colspan="3"&gt;&lt;a href="selenium-screenshot-2.png"&gt;&lt;img src="selenium-screenshot-2.png" width="800px"&gt;&lt;/a&gt;</msg>
<status status="PASS" starttime="20220603 18:23:35.123" endtime="20220603 18:23:35.264"/>
</kw>
<kw name="Close Browser" library="SeleniumLibrary">
<doc>Closes the current browser.</doc>
<status status="PASS" starttime="20220603 18:23:35.264" endtime="20220603 18:23:37.399"/>
</kw>
<status status="PASS" starttime="20220603 18:23:35.123" endtime="20220603 18:23:37.399"/>
</kw>
<tag>usersucess</tag>
<status status="PASS" starttime="20220603 18:23:28.565" endtime="20220603 18:23:37.399"/>
</test>
<test id="s1-t3" name="access username and password plus choice combobox" line="29">
<kw name="New Session" type="SETUP">
<kw name="Open Browser" library="SeleniumLibrary">
<arg>${url}</arg>
<arg>chrome</arg>
<doc>Opens a new browser instance to the optional ``url``.</doc>
<msg timestamp="20220603 18:23:37.404" level="INFO">Opening browser 'chrome' to base url 'https://www.saucedemo.com/'.</msg>
<status status="PASS" starttime="20220603 18:23:37.404" endtime="20220603 18:23:38.754"/>
</kw>
<status status="PASS" starttime="20220603 18:23:37.404" endtime="20220603 18:23:38.754"/>
</kw>
<kw name="Input Text" library="SeleniumLibrary">
<arg>css:#user-name</arg>
<arg>standard_user</arg>
<doc>Types the given ``text`` into the text field identified by ``locator``.</doc>
<msg timestamp="20220603 18:23:38.755" level="INFO">Typing text 'standard_user' into text field 'css:#user-name'.</msg>
<status status="PASS" starttime="20220603 18:23:38.755" endtime="20220603 18:23:38.827"/>
</kw>
<kw name="Input Text" library="SeleniumLibrary">
<arg>css:#password</arg>
<arg>secret_sauce</arg>
<doc>Types the given ``text`` into the text field identified by ``locator``.</doc>
<msg timestamp="20220603 18:23:38.828" level="INFO">Typing text 'secret_sauce' into text field 'css:#password'.</msg>
<status status="PASS" starttime="20220603 18:23:38.828" endtime="20220603 18:23:38.884"/>
</kw>
<kw name="Click Element" library="SeleniumLibrary">
<arg>css:#login-button</arg>
<doc>Click the element identified by ``locator``.</doc>
<msg timestamp="20220603 18:23:38.885" level="INFO">Clicking element 'css:#login-button'.</msg>
<status status="PASS" starttime="20220603 18:23:38.885" endtime="20220603 18:23:38.947"/>
</kw>
<kw name="Should Be Title Case" library="String">
<arg>Swag Labs</arg>
<doc>Fails if given ``string`` is not title.</doc>
<status status="PASS" starttime="20220603 18:23:38.947" endtime="20220603 18:23:38.948"/>
</kw>
<kw name="Select From List By Label" library="SeleniumLibrary">
<arg>class:product_sort_container</arg>
<arg>Price (low to high)</arg>
<doc>Selects options from selection list ``locator`` by ``labels``.</doc>
<msg timestamp="20220603 18:23:38.948" level="INFO">Selecting options from selection list 'class:product_sort_container' by label Price (low to high).</msg>
<status status="PASS" starttime="20220603 18:23:38.948" endtime="20220603 18:23:39.005"/>
</kw>
<kw name="Get Selected List Value" library="SeleniumLibrary">
<var>${select}</var>
<arg>class:product_sort_container</arg>
<doc>Returns the value of selected option from selection list ``locator``.</doc>
<msg timestamp="20220603 18:23:39.055" level="INFO">${select} = lohi</msg>
<status status="PASS" starttime="20220603 18:23:39.006" endtime="20220603 18:23:39.055"/>
</kw>
<kw name="Should Be Equal" library="BuiltIn">
<arg>${select}</arg>
<arg>lohi</arg>
<doc>Fails if the given objects are unequal.</doc>
<status status="PASS" starttime="20220603 18:23:39.055" endtime="20220603 18:23:39.056"/>
</kw>
<kw name="Sleep" library="BuiltIn">
<arg>5</arg>
<doc>Pauses the test executed for the given time.</doc>
<msg timestamp="20220603 18:23:44.069" level="INFO">Slept 5 seconds</msg>
<status status="PASS" starttime="20220603 18:23:39.056" endtime="20220603 18:23:44.069"/>
</kw>
<kw name="Close Session" type="TEARDOWN">
<kw name="Capture Page Screenshot" library="SeleniumLibrary">
<doc>Takes a screenshot of the current page and embeds it into a log file.</doc>
<msg timestamp="20220603 18:23:44.225" level="INFO" html="true">&lt;/td&gt;&lt;/tr&gt;&lt;tr&gt;&lt;td colspan="3"&gt;&lt;a href="selenium-screenshot-3.png"&gt;&lt;img src="selenium-screenshot-3.png" width="800px"&gt;&lt;/a&gt;</msg>
<status status="PASS" starttime="20220603 18:23:44.070" endtime="20220603 18:23:44.225"/>
</kw>
<kw name="Close Browser" library="SeleniumLibrary">
<doc>Closes the current browser.</doc>
<status status="PASS" starttime="20220603 18:23:44.225" endtime="20220603 18:23:46.372"/>
</kw>
<status status="PASS" starttime="20220603 18:23:44.069" endtime="20220603 18:23:46.373"/>
</kw>
<tag>combobox</tag>
<status status="PASS" starttime="20220603 18:23:37.402" endtime="20220603 18:23:46.373"/>
</test>
<test id="s1-t4" name="access username and password plus choice combobox and logout" line="43">
<kw name="New Session" type="SETUP">
<kw name="Open Browser" library="SeleniumLibrary">
<arg>${url}</arg>
<arg>chrome</arg>
<doc>Opens a new browser instance to the optional ``url``.</doc>
<msg timestamp="20220603 18:23:46.376" level="INFO">Opening browser 'chrome' to base url 'https://www.saucedemo.com/'.</msg>
<status status="PASS" starttime="20220603 18:23:46.376" endtime="20220603 18:23:47.746"/>
</kw>
<status status="PASS" starttime="20220603 18:23:46.375" endtime="20220603 18:23:47.746"/>
</kw>
<kw name="Input Text" library="SeleniumLibrary">
<arg>css:#user-name</arg>
<arg>standard_user</arg>
<doc>Types the given ``text`` into the text field identified by ``locator``.</doc>
<msg timestamp="20220603 18:23:47.748" level="INFO">Typing text 'standard_user' into text field 'css:#user-name'.</msg>
<status status="PASS" starttime="20220603 18:23:47.747" endtime="20220603 18:23:47.828"/>
</kw>
<kw name="Input Text" library="SeleniumLibrary">
<arg>css:#password</arg>
<arg>secret_sauce</arg>
<doc>Types the given ``text`` into the text field identified by ``locator``.</doc>
<msg timestamp="20220603 18:23:47.829" level="INFO">Typing text 'secret_sauce' into text field 'css:#password'.</msg>
<status status="PASS" starttime="20220603 18:23:47.829" endtime="20220603 18:23:47.887"/>
</kw>
<kw name="Click Element" library="SeleniumLibrary">
<arg>css:#login-button</arg>
<doc>Click the element identified by ``locator``.</doc>
<msg timestamp="20220603 18:23:47.888" level="INFO">Clicking element 'css:#login-button'.</msg>
<status status="PASS" starttime="20220603 18:23:47.887" endtime="20220603 18:23:47.949"/>
</kw>
<kw name="Should Be Title Case" library="String">
<arg>Swag Labs</arg>
<doc>Fails if given ``string`` is not title.</doc>
<status status="PASS" starttime="20220603 18:23:47.950" endtime="20220603 18:23:47.950"/>
</kw>
<kw name="Select From List By Label" library="SeleniumLibrary">
<arg>class:product_sort_container</arg>
<arg>Price (low to high)</arg>
<doc>Selects options from selection list ``locator`` by ``labels``.</doc>
<msg timestamp="20220603 18:23:47.951" level="INFO">Selecting options from selection list 'class:product_sort_container' by label Price (low to high).</msg>
<status status="PASS" starttime="20220603 18:23:47.950" endtime="20220603 18:23:48.005"/>
</kw>
<kw name="Get Selected List Value" library="SeleniumLibrary">
<var>${select}</var>
<arg>class:product_sort_container</arg>
<doc>Returns the value of selected option from selection list ``locator``.</doc>
<msg timestamp="20220603 18:23:48.056" level="INFO">${select} = lohi</msg>
<status status="PASS" starttime="20220603 18:23:48.005" endtime="20220603 18:23:48.056"/>
</kw>
<kw name="Should Be Equal" library="BuiltIn">
<arg>${select}</arg>
<arg>lohi</arg>
<doc>Fails if the given objects are unequal.</doc>
<status status="PASS" starttime="20220603 18:23:48.056" endtime="20220603 18:23:48.057"/>
</kw>
<kw name="Sleep" library="BuiltIn">
<arg>5</arg>
<doc>Pauses the test executed for the given time.</doc>
<msg timestamp="20220603 18:23:53.067" level="INFO">Slept 5 seconds</msg>
<status status="PASS" starttime="20220603 18:23:48.057" endtime="20220603 18:23:53.067"/>
</kw>
<kw name="Click Element" library="SeleniumLibrary">
<arg>css:#react-burger-menu-btn</arg>
<doc>Click the element identified by ``locator``.</doc>
<msg timestamp="20220603 18:23:53.067" level="INFO">Clicking element 'css:#react-burger-menu-btn'.</msg>
<status status="PASS" starttime="20220603 18:23:53.067" endtime="20220603 18:23:53.095"/>
</kw>
<kw name="Get Element Attribute" library="SeleniumLibrary">
<arg>xpath://*[@id="menu_button_container"]/div/div[2]/div[1]/nav</arg>
<arg>Logout</arg>
<doc>Returns the value of ``attribute`` from the element ``locator``.</doc>
<status status="PASS" starttime="20220603 18:23:53.096" endtime="20220603 18:23:53.113"/>
</kw>
<kw name="Close Session" type="TEARDOWN">
<kw name="Capture Page Screenshot" library="SeleniumLibrary">
<doc>Takes a screenshot of the current page and embeds it into a log file.</doc>
<msg timestamp="20220603 18:23:53.265" level="INFO" html="true">&lt;/td&gt;&lt;/tr&gt;&lt;tr&gt;&lt;td colspan="3"&gt;&lt;a href="selenium-screenshot-4.png"&gt;&lt;img src="selenium-screenshot-4.png" width="800px"&gt;&lt;/a&gt;</msg>
<status status="PASS" starttime="20220603 18:23:53.114" endtime="20220603 18:23:53.265"/>
</kw>
<kw name="Close Browser" library="SeleniumLibrary">
<doc>Closes the current browser.</doc>
<status status="PASS" starttime="20220603 18:23:53.265" endtime="20220603 18:23:55.413"/>
</kw>
<status status="PASS" starttime="20220603 18:23:53.113" endtime="20220603 18:23:55.413"/>
</kw>
<tag>logout</tag>
<status status="PASS" starttime="20220603 18:23:46.375" endtime="20220603 18:23:55.414"/>
</test>
<status status="PASS" starttime="20220603 18:23:19.460" endtime="20220603 18:23:55.416"/>
</suite>
<statistics>
<total>
<stat pass="4" fail="0" skip="0">All Tests</stat>
</total>
<tag>
<stat pass="1" fail="0" skip="0">combobox</stat>
<stat pass="1" fail="0" skip="0">logout</stat>
<stat pass="1" fail="0" skip="0">usersucess</stat>
</tag>
<suite>
<stat pass="4" fail="0" skip="0" id="s1" name="User">User</stat>
</suite>
</statistics>
<errors>
</errors>
</robot>
